<?xml version="1.0" encoding="UTF-8"?>
<!-- Generated by org.testng.reporters.JUnitReportReporter -->
<testsuite hostname="Bavith" failures="0" tests="1" name="Bavith.Tsting.Shopping" time="3.686" errors="0" timestamp="2024-02-01T16:54:19 IST" skipped="0">
  <testcase classname="Bavith.Tsting.Shopping" name="shopping" time="3.686"/>
</testsuite> <!-- Bavith.Tsting.Shopping -->
