<?xml version="1.0" encoding="UTF-8"?>
<!-- Generated by org.testng.reporters.JUnitReportReporter -->
<testsuite hostname="Bavith" failures="0" tests="1" name="cucumber.TestNgRunner" time="8.424" errors="0" timestamp="2024-02-08T15:20:34 IST" skipped="0">
  <testcase classname="cucumber.TestNgRunner" name="runScenario" time="8.424"/>
</testsuite> <!-- cucumber.TestNgRunner -->
