<?xml version="1.0" encoding="UTF-8"?>
<!-- Generated by org.testng.reporters.JUnitReportReporter -->
<testsuite hostname="Bavith" failures="0" tests="1" name="Bavith.Tsting.extents" time="4.189" errors="0" timestamp="2024-02-02T22:03:48 IST" skipped="0">
  <testcase classname="Bavith.Tsting.extents" name="tester" time="4.189"/>
</testsuite> <!-- Bavith.Tsting.extents -->
