<?xml version="1.0" encoding="UTF-8"?>
<!-- Generated by org.testng.reporters.JUnitReportReporter -->
<testsuite hostname="Bavith" failures="0" tests="1" name="Bavith.Tsting.ErrorValidation" time="3.526" errors="0" timestamp="2024-02-01T17:12:30 IST" skipped="0">
  <testcase classname="Bavith.Tsting.ErrorValidation" name="login_error" time="3.526"/>
</testsuite> <!-- Bavith.Tsting.ErrorValidation -->
