<?xml version="1.0" encoding="UTF-8"?>
<!-- Generated by org.testng.reporters.JUnitReportReporter -->
<testsuite hostname="Bavith" failures="0" tests="2" name="Bavith.Tsting.submit_tests" time="28.206" errors="0" timestamp="2024-02-08T11:40:57 IST" skipped="0">
  <testcase classname="Bavith.Tsting.submit_tests" name="sub_order" time="10.159"/>
  <testcase classname="Bavith.Tsting.submit_tests" name="sub_order" time="18.047"/>
</testsuite> <!-- Bavith.Tsting.submit_tests -->
