<?xml version="1.0" encoding="UTF-8"?>
<!-- Generated by org.testng.reporters.JUnitReportReporter -->
<testsuite hostname="Bavith" failures="0" tests="1" name="Bavith.Tsting.BaseTest" time="0.010" errors="0" timestamp="2024-02-01T15:54:15 IST" skipped="0">
  <testcase classname="Bavith.Tsting.BaseTest" name="initializeDriver" time="0.010"/>
</testsuite> <!-- Bavith.Tsting.BaseTest -->
